2021-08-09 12:27:50 info: Http Server running on port 9999
2021-08-09 12:28:13 info: Http Server running on port 9999
2021-08-09 12:29:04 info: Http Server running on port 9999
2021-08-09 12:29:06 error: Error: Failed to lookup view "index" in views directory "/Users/kang-woosung/vscode-projects/react-practice/Integration/app01.emaillist/backend/views"
    at Function.render (/Users/kang-woosung/vscode-projects/react-practice/Integration/app01.emaillist/node_modules/express/lib/application.js:580:17)
    at ServerResponse.render (/Users/kang-woosung/vscode-projects/react-practice/Integration/app01.emaillist/node_modules/express/lib/response.js:1012:7)
    at read (/Users/kang-woosung/vscode-projects/react-practice/Integration/app01.emaillist/backend/controllers/emaillist.js:7:17)
    at processTicksAndRejections (node:internal/process/task_queues:96:5)
2021-08-09 12:29:44 info: Http Server running on port 9999
2021-08-09 12:30:43 info: Http Server running on port 9999
2021-08-09 12:30:45 info: Http Server running on port 9999
2021-08-09 12:33:38 info: Http Server running on port 9999
2021-08-09 12:37:02 info: Http Server running on port 9999
2021-08-09 12:37:56 info: Http Server running on port 9999
2021-08-09 12:39:56 info: Http Server running on port 9999
2021-08-09 12:40:06 info: Http Server running on port 9999
2021-08-09 12:45:00 info: Http Server running on port 9999
2021-08-09 12:45:04 info: Http Server running on port 9999
2021-08-09 12:45:21 info: Http Server running on port 9999
2021-08-09 12:45:28 info: Http Server running on port 9999
2021-08-09 12:46:36 info: Http Server running on port 9999
2021-08-09 12:48:11 info: Http Server running on port 9999
2021-08-09 12:48:21 info: Http Server running on port 9999
2021-08-09 12:50:09 info: Http Server running on port 9999
2021-08-09 14:01:29 info: Http Server running on port 9999
2021-08-09 14:03:13 info: Http Server running on port 9999
2021-08-09 14:06:23 info: Http Server running on port 9999
2021-08-09 14:06:30 info: Http Server running on port 9999
2021-08-09 14:06:44 info: Http Server running on port 9999
2021-08-09 14:06:52 info: Http Server running on port 9999
2021-08-09 14:07:02 info: Http Server running on port 9999
2021-08-09 14:07:10 info: Http Server running on port 9999
2021-08-09 14:07:24 info: Http Server running on port 9999
2021-08-09 14:08:41 info: Http Server running on port 9999
2021-08-09 14:09:04 info: Http Server running on port 9999
2021-08-09 14:09:24 info: Http Server running on port 9999
2021-08-09 14:10:26 info: Http Server running on port 9999
2021-08-09 14:12:36 info: Http Server running on port 9999
2021-08-09 14:13:33 info: Http Server running on port 9999
2021-08-09 14:13:52 info: Http Server running on port 9999
2021-08-09 14:14:58 info: Http Server running on port 9999
2021-08-09 14:16:04 info: Http Server running on port 9999
2021-08-09 14:16:30 info: Http Server running on port 9999
2021-08-09 14:23:11 info: Http Server running on port 9999
2021-08-09 14:23:19 info: Http Server running on port 9999
2021-08-09 15:00:02 info: Http Server running on port 9999
2021-08-09 15:17:13 info: Http Server running on port 9999
2021-08-09 15:20:41 info: Http Server running on port 9999
2021-08-09 15:21:19 info: Http Server running on port 9999
2021-08-09 15:21:20 info: Http Server running on port 9999
2021-08-09 15:25:20 info: Http Server running on port 8888
2021-08-09 15:25:23 info: Http Server running on port 8888
2021-08-09 15:42:14 info: Http Server running on port 8888
2021-08-09 15:44:23 info: Http Server running on port 8888
2021-08-09 15:51:11 info: Http Server running on port 8888
2021-08-09 16:03:28 info: Http Server running on port 8888
